<?xml version="1.0" encoding="UTF-8"?>
<!-- Generated by org.testng.reporters.JUnitXMLReporter -->
<testsuite ignored="0" hostname="DESKTOP-ESGNCE8" failures="1" tests="5" name="Firefox" time="31.179" errors="0" timestamp="2023-03-04T20:55:20 IST">
  <testcase classname="testNgPkg.NewPolicyTestNgClass" name="@AfterMethod closeCurrentTab" time="1.739">
    <failure type="org.openqa.selenium.SessionNotCreatedException" message="session not created: This version of ChromeDriver only supports Chrome version 111
Current browser version is 110.0.5481.178 with binary path C:\Program Files\Google\Chrome\Application\chrome.exe
Build info: version: &amp;apos;3.141.59&amp;apos;, revision: &amp;apos;e82be7d358&amp;apos;, time: &amp;apos;2018-11-14T08:17:03&amp;apos;
System info: host: &amp;apos;DESKTOP-ESGNCE8&amp;apos;, ip: &amp;apos;192.168.43.57&amp;apos;, os.name: &amp;apos;Windows 10&amp;apos;, os.arch: &amp;apos;amd64&amp;apos;, os.version: &amp;apos;10.0&amp;apos;, java.version: &amp;apos;17.0.4.1&amp;apos;
Driver info: driver.version: ChromeDriver
remote stacktrace: Backtrace:
	(No symbol) [0x00ABE073]
	(No symbol) [0x00A539F1]
	(No symbol) [0x00964FF8]
	(No symbol) [0x009851AC]
	(No symbol) [0x00980F61]
	(No symbol) [0x0097EF69]
	(No symbol) [0x009B17BE]
	(No symbol) [0x009B14AC]
	(No symbol) [0x009AAEF6]
	(No symbol) [0x009871A8]
	(No symbol) [0x0098830D]
	GetHandleVerifier [0x00D34FB2+2511634]
	GetHandleVerifier [0x00D6A4D5+2730037]
	GetHandleVerifier [0x00D6F12C+2749580]
	GetHandleVerifier [0x00B65270+611792]
	(No symbol) [0x00A5C622]
	(No symbol) [0x00A61E38]
	(No symbol) [0x00A61F1B]
	(No symbol) [0x00A6C35B]
	BaseThreadInitThunk [0x75CE00F9+25]
	RtlGetAppContainerNamedObjectPath [0x77587BBE+286]
	RtlGetAppContainerNamedObjectPath [0x77587B8E+238]
">
      <![CDATA[org.openqa.selenium.SessionNotCreatedException: session not created: This version of ChromeDriver only supports Chrome version 111
Current browser version is 110.0.5481.178 with binary path C:\Program Files\Google\Chrome\Application\chrome.exe
Build info: version: '3.141.59', revision: 'e82be7d358', time: '2018-11-14T08:17:03'
System info: host: 'DESKTOP-ESGNCE8', ip: '192.168.43.57', os.name: 'Windows 10', os.arch: 'amd64', os.version: '10.0', java.version: '17.0.4.1'
Driver info: driver.version: ChromeDriver
remote stacktrace: Backtrace:
(No symbol) [0x00ABE073]
(No symbol) [0x00A539F1]
(No symbol) [0x00964FF8]
(No symbol) [0x009851AC]
(No symbol) [0x00980F61]
(No symbol) [0x0097EF69]
(No symbol) [0x009B17BE]
(No symbol) [0x009B14AC]
(No symbol) [0x009AAEF6]
(No symbol) [0x009871A8]
(No symbol) [0x0098830D]
GetHandleVerifier [0x00D34FB2+2511634]
GetHandleVerifier [0x00D6A4D5+2730037]
GetHandleVerifier [0x00D6F12C+2749580]
GetHandleVerifier [0x00B65270+611792]
(No symbol) [0x00A5C622]
(No symbol) [0x00A61E38]
(No symbol) [0x00A61F1B]
(No symbol) [0x00A6C35B]
BaseThreadInitThunk [0x75CE00F9+25]
RtlGetAppContainerNamedObjectPath [0x77587BBE+286]
RtlGetAppContainerNamedObjectPath [0x77587B8E+238]

at org.openqa.selenium.remote.W3CHandshakeResponse.lambda$errorHandler$0(W3CHandshakeResponse.java:62)
at org.openqa.selenium.remote.HandshakeResponse.lambda$getResponseFunction$0(HandshakeResponse.java:30)
at org.openqa.selenium.remote.ProtocolHandshake.lambda$createSession$0(ProtocolHandshake.java:126)
at java.base/java.util.stream.ReferencePipeline$3$1.accept(ReferencePipeline.java:197)
at java.base/java.util.Spliterators$ArraySpliterator.tryAdvance(Spliterators.java:1002)
at java.base/java.util.stream.ReferencePipeline.forEachWithCancel(ReferencePipeline.java:129)
at java.base/java.util.stream.AbstractPipeline.copyIntoWithCancel(AbstractPipeline.java:527)
at java.base/java.util.stream.AbstractPipeline.copyInto(AbstractPipeline.java:513)
at java.base/java.util.stream.AbstractPipeline.wrapAndCopyInto(AbstractPipeline.java:499)
at java.base/java.util.stream.FindOps$FindOp.evaluateSequential(FindOps.java:150)
at java.base/java.util.stream.AbstractPipeline.evaluate(AbstractPipeline.java:234)
at java.base/java.util.stream.ReferencePipeline.findFirst(ReferencePipeline.java:647)
at org.openqa.selenium.remote.ProtocolHandshake.createSession(ProtocolHandshake.java:128)
at org.openqa.selenium.remote.ProtocolHandshake.createSession(ProtocolHandshake.java:74)
at org.openqa.selenium.remote.HttpCommandExecutor.execute(HttpCommandExecutor.java:136)
at org.openqa.selenium.remote.service.DriverCommandExecutor.execute(DriverCommandExecutor.java:83)
at org.openqa.selenium.remote.RemoteWebDriver.execute(RemoteWebDriver.java:552)
at org.openqa.selenium.remote.RemoteWebDriver.startSession(RemoteWebDriver.java:213)
at org.openqa.selenium.remote.RemoteWebDriver.<init>(RemoteWebDriver.java:131)
at org.openqa.selenium.chrome.ChromeDriver.<init>(ChromeDriver.java:181)
at org.openqa.selenium.chrome.ChromeDriver.<init>(ChromeDriver.java:168)
at org.openqa.selenium.chrome.ChromeDriver.<init>(ChromeDriver.java:123)
at utils.Utility.getScreenShot(Utility.java:28)
at testNgPkg.NewPolicyTestNgClass.closeCurrentTab(NewPolicyTestNgClass.java:180)
at java.base/java.util.ArrayList.forEach(ArrayList.java:1511)
at java.base/java.util.concurrent.FutureTask.run(FutureTask.java:264)
at java.base/java.util.concurrent.ThreadPoolExecutor.runWorker(ThreadPoolExecutor.java:1136)
at java.base/java.util.concurrent.ThreadPoolExecutor$Worker.run(ThreadPoolExecutor.java:635)
at java.base/java.lang.Thread.run(Thread.java:833)
... Removed 28 stack frames]]>
    </failure>
  </testcase> <!-- @AfterMethod closeCurrentTab -->
  <testcase classname="testNgPkg.NewPolicyTestNgClass" name="@BeforeMethod LoginOrSignUpPage" time="0.0">
    <skipped/>
  </testcase> <!-- @BeforeMethod LoginOrSignUpPage -->
  <testcase classname="testNgPkg.NewPolicyTestNgClass" name="@AfterMethod closeCurrentTab" time="0.0">
    <skipped/>
  </testcase> <!-- @AfterMethod closeCurrentTab -->
  <testcase classname="testNgPkg.NewPolicyTestNgClass" name="@BeforeMethod LoginOrSignUpPage" time="0.0">
    <skipped/>
  </testcase> <!-- @BeforeMethod LoginOrSignUpPage -->
  <testcase classname="testNgPkg.NewPolicyTestNgClass" name="@AfterMethod closeCurrentTab" time="0.0">
    <skipped/>
  </testcase> <!-- @AfterMethod closeCurrentTab -->
  <testcase classname="testNgPkg.NewPolicyTestNgClass" name="@AfterTest afterTest" time="0.0">
    <skipped/>
  </testcase> <!-- @AfterTest afterTest -->
  <testcase classname="testNgPkg.NewPolicyTestNgClass" name="verifyCookiePolicy" time="1.108">
    <failure type="java.lang.AssertionError" message="expected [https://www.facebook.com/privacy/policies/cookies/?entry_point=cookie_policy_redirect&amp;amp;entry=0] but found [about:blank]">
      <![CDATA[java.lang.AssertionError: expected [https://www.facebook.com/privacy/policies/cookies/?entry_point=cookie_policy_redirect&entry=0] but found [about:blank]
at testNgPkg.NewPolicyTestNgClass.verifyCookiePolicy(NewPolicyTestNgClass.java:155)
at java.base/java.util.ArrayList.forEach(ArrayList.java:1511)
at java.base/java.util.concurrent.FutureTask.run(FutureTask.java:264)
at java.base/java.util.concurrent.ThreadPoolExecutor.runWorker(ThreadPoolExecutor.java:1136)
at java.base/java.util.concurrent.ThreadPoolExecutor$Worker.run(ThreadPoolExecutor.java:635)
at java.base/java.lang.Thread.run(Thread.java:833)
... Removed 24 stack frames]]>
    </failure>
  </testcase> <!-- verifyCookiePolicy -->
  <testcase classname="testNgPkg.NewPolicyTestNgClass" name="verifyPrivacyPolicy" time="0.001">
    <skipped/>
  </testcase> <!-- verifyPrivacyPolicy -->
  <testcase classname="testNgPkg.NewPolicyTestNgClass" name="verifyTermsLink" time="0.0">
    <skipped/>
  </testcase> <!-- verifyTermsLink -->
  <testcase classname="testNgPkg.LoginTestNgClass" name="verifyLoginPage" time="4.372"/>
  <testcase classname="testNgPkg.LoginTestNgClass" name="verifyTextBoxMethod" time="0.075"/>
</testsuite> <!-- Firefox -->
