<?xml version="1.0" encoding="UTF-8"?>
<!-- Generated by org.testng.reporters.JUnitXMLReporter -->
<testsuite ignored="0" hostname="DESKTOP-ESGNCE8" failures="0" tests="3" name="Default test" time="0.143" errors="0" timestamp="2023-03-04T20:54:33 IST">
  <testcase classname="testNgPkg.NewPolicyTestNgClass" name="@BeforeTest openBrowser" time="-1.677943472878E9">
    <failure type="org.testng.TestNGException" message="
Parameter &amp;apos;browser&amp;apos; is required by BeforeTest on method openBrowser but has not been marked @Optional or defined
in C:\Users\Sevenmentor\AppData\Local\Temp\testng-eclipse--939901377\testng-customsuite.xml">
      <![CDATA[org.testng.TestNGException: 
Parameter 'browser' is required by BeforeTest on method openBrowser but has not been marked @Optional or defined
in C:\Users\Sevenmentor\AppData\Local\Temp\testng-eclipse--939901377\testng-customsuite.xml
at org.testng.internal.Parameters.createParams(Parameters.java:267)
at org.testng.internal.Parameters.createParametersForMethod(Parameters.java:355)
at org.testng.internal.Parameters.createParameters(Parameters.java:660)
at org.testng.internal.Parameters.createConfigurationParameters(Parameters.java:166)
at org.testng.internal.invokers.ConfigInvoker.invokeConfigurations(ConfigInvoker.java:300)
at org.testng.TestRunner.invokeTestConfigurations(TestRunner.java:645)
at org.testng.TestRunner.beforeRun(TestRunner.java:634)
at org.testng.TestRunner.run(TestRunner.java:596)
at org.testng.SuiteRunner.runTest(SuiteRunner.java:429)
at org.testng.SuiteRunner.runSequentially(SuiteRunner.java:423)
at org.testng.SuiteRunner.privateRun(SuiteRunner.java:383)
at org.testng.SuiteRunner.run(SuiteRunner.java:326)
at org.testng.SuiteRunnerWorker.runSuite(SuiteRunnerWorker.java:52)
at org.testng.SuiteRunnerWorker.run(SuiteRunnerWorker.java:95)
at org.testng.TestNG.runSuitesSequentially(TestNG.java:1249)
at org.testng.TestNG.runSuitesLocally(TestNG.java:1169)
at org.testng.TestNG.runSuites(TestNG.java:1092)
at org.testng.TestNG.run(TestNG.java:1060)
at org.testng.remote.AbstractRemoteTestNG.run(AbstractRemoteTestNG.java:115)
at org.testng.remote.RemoteTestNG.initAndRun(RemoteTestNG.java:251)
at org.testng.remote.RemoteTestNG.main(RemoteTestNG.java:77)
]]>
    </failure>
  </testcase> <!-- @BeforeTest openBrowser -->
  <testcase classname="testNgPkg.NewPolicyTestNgClass" name="@BeforeMethod LoginOrSignUpPage" time="0.0">
    <skipped/>
  </testcase> <!-- @BeforeMethod LoginOrSignUpPage -->
  <testcase classname="testNgPkg.NewPolicyTestNgClass" name="@AfterMethod closeCurrentTab" time="0.0">
    <skipped/>
  </testcase> <!-- @AfterMethod closeCurrentTab -->
  <testcase classname="testNgPkg.NewPolicyTestNgClass" name="@BeforeMethod LoginOrSignUpPage" time="0.0">
    <skipped/>
  </testcase> <!-- @BeforeMethod LoginOrSignUpPage -->
  <testcase classname="testNgPkg.NewPolicyTestNgClass" name="@AfterMethod closeCurrentTab" time="0.0">
    <skipped/>
  </testcase> <!-- @AfterMethod closeCurrentTab -->
  <testcase classname="testNgPkg.NewPolicyTestNgClass" name="@BeforeMethod LoginOrSignUpPage" time="0.0">
    <skipped/>
  </testcase> <!-- @BeforeMethod LoginOrSignUpPage -->
  <testcase classname="testNgPkg.NewPolicyTestNgClass" name="@AfterMethod closeCurrentTab" time="0.0">
    <skipped/>
  </testcase> <!-- @AfterMethod closeCurrentTab -->
  <testcase classname="testNgPkg.NewPolicyTestNgClass" name="@AfterTest afterTest" time="0.0">
    <skipped/>
  </testcase> <!-- @AfterTest afterTest -->
  <testcase classname="testNgPkg.NewPolicyTestNgClass" name="verifyCookiePolicy" time="0.0">
    <skipped/>
  </testcase> <!-- verifyCookiePolicy -->
  <testcase classname="testNgPkg.NewPolicyTestNgClass" name="verifyPrivacyPolicy" time="0.0">
    <skipped/>
  </testcase> <!-- verifyPrivacyPolicy -->
  <testcase classname="testNgPkg.NewPolicyTestNgClass" name="verifyTermsLink" time="0.0">
    <skipped/>
  </testcase> <!-- verifyTermsLink -->
</testsuite> <!-- Default test -->
