<!DOCTYPE html PUBLIC "-//W3C//DTD XHTML 1.1//EN" "https://www.w3.org/TR/xhtml11/DTD/xhtml11.dtd">
<html xmlns="https://www.w3.org/1999/xhtml">
<head>
<meta http-equiv="content-type" content="text/html; charset=UTF-8"/>
<title>TestNG Report</title>
<style type="text/css">table {margin-bottom:10px;border-collapse:collapse;empty-cells:show}th,td {border:1px solid #009;padding:.25em .5em}th {vertical-align:bottom}td {vertical-align:top}table a {font-weight:bold}.stripe td {background-color: #E6EBF9}.num {text-align:right}.passedodd td {background-color: #3F3}.passedeven td {background-color: #0A0}.skippedodd td {background-color: #DDD}.skippedeven td {background-color: #CCC}.failedodd td,.attn {background-color: #F33}.failedeven td,.stripe .attn {background-color: #D00}.stacktrace {white-space:pre;font-family:monospace}.totop {font-size:85%;text-align:center;border-bottom:2px solid #000}.invisible {display:none}</style>
</head>
<body>
<table>
<tr><th>Test</th><th># Passed</th><th># Skipped</th><th># Retried</th><th># Failed</th><th>Time (ms)</th><th>Included Groups</th><th>Excluded Groups</th></tr>
<tr><th colspan="8">PolicySuite</th></tr>
<tr><td><a href="#t0">Chrome</a></td><td class="num">0</td><td class="num attn">5</td><td class="num">0</td><td class="num">0</td><td class="num">3,247</td><td></td><td></td></tr>
<tr class="stripe"><td><a href="#t1">Firefox</a></td><td class="num">2</td><td class="num attn">2</td><td class="num">0</td><td class="num attn">1</td><td class="num">31,179</td><td></td><td></td></tr>
<tr><th>Total</th><th class="num">2</th><th class="num attn">7</th><th class="num">0</th><th class="num attn">1</th><th class="num">34,426</th><th colspan="2"></th></tr>
</table>
<table id='summary'><thead><tr><th>Class</th><th>Method</th><th>Start</th><th>Time (ms)</th></tr></thead><tbody><tr><th colspan="4">PolicySuite</th></tr></tbody><tbody id="t0"><tr><th colspan="4">Chrome &#8212; failed (configuration methods)</th></tr><tr class="failedeven"><td rowspan="1">testNgPkg.NewPolicyTestNgClass</td><td><a href="#m0">openBrowser</a></td><td rowspan="1">1677943489436</td><td rowspan="1">3055</td></tr><tr><th colspan="4">Chrome &#8212; skipped (configuration methods)</th></tr><tr class="skippedeven"><td rowspan="6">testNgPkg.LoginTestNgClass</td><td><a href="#m1">afterClass</a></td><td rowspan="1">1677943492663</td><td rowspan="1">0</td></tr><tr class="skippedeven"><td><a href="#m2">closeBrowser</a></td><td rowspan="2">1677943492644</td><td rowspan="2">0</td></tr><tr class="skippedeven"><td><a href="#m3">closeBrowser</a></td></tr><tr class="skippedeven"><td><a href="#m4">loginPage</a></td><td rowspan="2">1677943492626</td><td rowspan="2">0</td></tr><tr class="skippedeven"><td><a href="#m5">loginPage</a></td></tr><tr class="skippedeven"><td><a href="#m6">openBrowser</a></td><td rowspan="1">1677943492621</td><td rowspan="1">0</td></tr><tr class="skippedodd"><td rowspan="7">testNgPkg.NewPolicyTestNgClass</td><td><a href="#m7">LoginOrSignUpPage</a></td><td rowspan="3">1677943492582</td><td rowspan="3">0</td></tr><tr class="skippedodd"><td><a href="#m8">LoginOrSignUpPage</a></td></tr><tr class="skippedodd"><td><a href="#m9">LoginOrSignUpPage</a></td></tr><tr class="skippedodd"><td><a href="#m10">afterTest</a></td><td rowspan="1">1677943492668</td><td rowspan="1">0</td></tr><tr class="skippedodd"><td><a href="#m11">closeCurrentTab</a></td><td rowspan="3">1677943492577</td><td rowspan="3">0</td></tr><tr class="skippedodd"><td><a href="#m12">closeCurrentTab</a></td></tr><tr class="skippedodd"><td><a href="#m13">closeCurrentTab</a></td></tr><tr><th colspan="4">Chrome &#8212; skipped</th></tr><tr class="skippedeven"><td rowspan="2">testNgPkg.LoginTestNgClass</td><td><a href="#m14">verifyLoginPage</a></td><td rowspan="1">1677943492627</td><td rowspan="1">1</td></tr><tr class="skippedeven"><td><a href="#m15">verifyTextBoxMethod</a></td><td rowspan="1">1677943492651</td><td rowspan="1">1</td></tr><tr class="skippedodd"><td rowspan="3">testNgPkg.NewPolicyTestNgClass</td><td><a href="#m16">verifyCookiePolicy</a></td><td rowspan="1">1677943492558</td><td rowspan="1">0</td></tr><tr class="skippedodd"><td><a href="#m17">verifyPrivacyPolicy</a></td><td rowspan="1">1677943492589</td><td rowspan="1">0</td></tr><tr class="skippedodd"><td><a href="#m18">verifyTermsLink</a></td><td rowspan="1">1677943492611</td><td rowspan="1">0</td></tr></tbody>
<tbody id="t1"><tr><th colspan="4">Firefox &#8212; failed (configuration methods)</th></tr><tr class="failedeven"><td rowspan="1">testNgPkg.NewPolicyTestNgClass</td><td><a href="#m19">closeCurrentTab</a></td><td rowspan="1">1677943501710</td><td rowspan="1">1739</td></tr><tr><th colspan="4">Firefox &#8212; failed</th></tr><tr class="failedeven"><td rowspan="1">testNgPkg.NewPolicyTestNgClass</td><td><a href="#m20">verifyCookiePolicy</a></td><td rowspan="1">1677943500597</td><td rowspan="1">1108</td></tr><tr><th colspan="4">Firefox &#8212; skipped (configuration methods)</th></tr><tr class="skippedeven"><td rowspan="5">testNgPkg.NewPolicyTestNgClass</td><td><a href="#m21">LoginOrSignUpPage</a></td><td rowspan="2">1677943503456</td><td rowspan="2">0</td></tr><tr class="skippedeven"><td><a href="#m22">LoginOrSignUpPage</a></td></tr><tr class="skippedeven"><td><a href="#m23">afterTest</a></td><td rowspan="1">1677943520599</td><td rowspan="1">0</td></tr><tr class="skippedeven"><td><a href="#m24">closeCurrentTab</a></td><td rowspan="2">1677943503471</td><td rowspan="2">0</td></tr><tr class="skippedeven"><td><a href="#m25">closeCurrentTab</a></td></tr><tr><th colspan="4">Firefox &#8212; skipped</th></tr><tr class="skippedeven"><td rowspan="2">testNgPkg.NewPolicyTestNgClass</td><td><a href="#m26">verifyPrivacyPolicy</a></td><td rowspan="1">1677943503458</td><td rowspan="1">1</td></tr><tr class="skippedeven"><td><a href="#m27">verifyTermsLink</a></td><td rowspan="1">1677943503467</td><td rowspan="1">0</td></tr><tr><th colspan="4">Firefox &#8212; passed</th></tr><tr class="passedeven"><td rowspan="2">testNgPkg.LoginTestNgClass</td><td><a href="#m28">verifyLoginPage</a></td><td rowspan="1">1677943513848</td><td rowspan="1">4372</td></tr><tr class="passedeven"><td><a href="#m29">verifyTextBoxMethod</a></td><td rowspan="1">1677943519218</td><td rowspan="1">75</td></tr></tbody>
</table>
<h2>Chrome</h2><h3 id="m0">testNgPkg.NewPolicyTestNgClass#openBrowser</h3><table class="result"><tr class="param"><th>Parameter #1</th></tr><tr class="param stripe"><td>Chrome</td></tr><tr><th>Exception</th></tr><tr><td><div class="stacktrace">org.openqa.selenium.SessionNotCreatedException: session not created: This version of ChromeDriver only supports Chrome version 111
Current browser version is 110.0.5481.178 with binary path C:\Program Files\Google\Chrome\Application\chrome.exe
Build info: version: &apos;3.141.59&apos;, revision: &apos;e82be7d358&apos;, time: &apos;2018-11-14T08:17:03&apos;
System info: host: &apos;DESKTOP-ESGNCE8&apos;, ip: &apos;192.168.43.57&apos;, os.name: &apos;Windows 10&apos;, os.arch: &apos;amd64&apos;, os.version: &apos;10.0&apos;, java.version: &apos;17.0.4.1&apos;
Driver info: driver.version: ChromeDriver
remote stacktrace: Backtrace:
	(No symbol) [0x00ABE073]
	(No symbol) [0x00A539F1]
	(No symbol) [0x00964FF8]
	(No symbol) [0x009851AC]
	(No symbol) [0x00980F61]
	(No symbol) [0x0097EF69]
	(No symbol) [0x009B17BE]
	(No symbol) [0x009B14AC]
	(No symbol) [0x009AAEF6]
	(No symbol) [0x009871A8]
	(No symbol) [0x0098830D]
	GetHandleVerifier [0x00D34FB2+2511634]
	GetHandleVerifier [0x00D6A4D5+2730037]
	GetHandleVerifier [0x00D6F12C+2749580]
	GetHandleVerifier [0x00B65270+611792]
	(No symbol) [0x00A5C622]
	(No symbol) [0x00A61E38]
	(No symbol) [0x00A61F1B]
	(No symbol) [0x00A6C35B]
	BaseThreadInitThunk [0x75CE00F9+25]
	RtlGetAppContainerNamedObjectPath [0x77587BBE+286]
	RtlGetAppContainerNamedObjectPath [0x77587B8E+238]

	at org.openqa.selenium.remote.W3CHandshakeResponse.lambda$errorHandler$0(W3CHandshakeResponse.java:62)
	at org.openqa.selenium.remote.HandshakeResponse.lambda$getResponseFunction$0(HandshakeResponse.java:30)
	at org.openqa.selenium.remote.ProtocolHandshake.lambda$createSession$0(ProtocolHandshake.java:126)
	at java.base/java.util.stream.ReferencePipeline$3$1.accept(ReferencePipeline.java:197)
	at java.base/java.util.Spliterators$ArraySpliterator.tryAdvance(Spliterators.java:1002)
	at java.base/java.util.stream.ReferencePipeline.forEachWithCancel(ReferencePipeline.java:129)
	at java.base/java.util.stream.AbstractPipeline.copyIntoWithCancel(AbstractPipeline.java:527)
	at java.base/java.util.stream.AbstractPipeline.copyInto(AbstractPipeline.java:513)
	at java.base/java.util.stream.AbstractPipeline.wrapAndCopyInto(AbstractPipeline.java:499)
	at java.base/java.util.stream.FindOps$FindOp.evaluateSequential(FindOps.java:150)
	at java.base/java.util.stream.AbstractPipeline.evaluate(AbstractPipeline.java:234)
	at java.base/java.util.stream.ReferencePipeline.findFirst(ReferencePipeline.java:647)
	at org.openqa.selenium.remote.ProtocolHandshake.createSession(ProtocolHandshake.java:128)
	at org.openqa.selenium.remote.ProtocolHandshake.createSession(ProtocolHandshake.java:74)
	at org.openqa.selenium.remote.HttpCommandExecutor.execute(HttpCommandExecutor.java:136)
	at org.openqa.selenium.remote.service.DriverCommandExecutor.execute(DriverCommandExecutor.java:83)
	at org.openqa.selenium.remote.RemoteWebDriver.execute(RemoteWebDriver.java:552)
	at org.openqa.selenium.remote.RemoteWebDriver.startSession(RemoteWebDriver.java:213)
	at org.openqa.selenium.remote.RemoteWebDriver.&lt;init&gt;(RemoteWebDriver.java:131)
	at org.openqa.selenium.chrome.ChromeDriver.&lt;init&gt;(ChromeDriver.java:181)
	at org.openqa.selenium.chrome.ChromeDriver.&lt;init&gt;(ChromeDriver.java:168)
	at org.openqa.selenium.chrome.ChromeDriver.&lt;init&gt;(ChromeDriver.java:123)
	at browser.Browser.openChromeBrowser(Browser.java:16)
	at testNgPkg.NewPolicyTestNgClass.openBrowser(NewPolicyTestNgClass.java:40)
	at java.base/java.util.concurrent.FutureTask.run(FutureTask.java:264)
	at java.base/java.util.concurrent.ThreadPoolExecutor.runWorker(ThreadPoolExecutor.java:1136)
	at java.base/java.util.concurrent.ThreadPoolExecutor$Worker.run(ThreadPoolExecutor.java:635)
	at java.base/java.lang.Thread.run(Thread.java:833)
... Removed 20 stack frames</div></td></tr></table><p class="totop"><a href="#summary">back to summary</a></p>
<h3 id="m1">testNgPkg.LoginTestNgClass#afterClass</h3><table class="result"><tr><th class="invisible"/></tr></table><p class="totop"><a href="#summary">back to summary</a></p>
<h3 id="m2">testNgPkg.LoginTestNgClass#closeBrowser</h3><table class="result"><tr><th class="invisible"/></tr></table><p class="totop"><a href="#summary">back to summary</a></p>
<h3 id="m3">testNgPkg.LoginTestNgClass#closeBrowser</h3><table class="result"><tr><th class="invisible"/></tr></table><p class="totop"><a href="#summary">back to summary</a></p>
<h3 id="m4">testNgPkg.LoginTestNgClass#loginPage</h3><table class="result"><tr><th class="invisible"/></tr></table><p class="totop"><a href="#summary">back to summary</a></p>
<h3 id="m5">testNgPkg.LoginTestNgClass#loginPage</h3><table class="result"><tr><th class="invisible"/></tr></table><p class="totop"><a href="#summary">back to summary</a></p>
<h3 id="m6">testNgPkg.LoginTestNgClass#openBrowser</h3><table class="result"><tr><th class="invisible"/></tr></table><p class="totop"><a href="#summary">back to summary</a></p>
<h3 id="m7">testNgPkg.NewPolicyTestNgClass#LoginOrSignUpPage</h3><table class="result"><tr><th class="invisible"/></tr></table><p class="totop"><a href="#summary">back to summary</a></p>
<h3 id="m8">testNgPkg.NewPolicyTestNgClass#LoginOrSignUpPage</h3><table class="result"><tr><th class="invisible"/></tr></table><p class="totop"><a href="#summary">back to summary</a></p>
<h3 id="m9">testNgPkg.NewPolicyTestNgClass#LoginOrSignUpPage</h3><table class="result"><tr><th class="invisible"/></tr></table><p class="totop"><a href="#summary">back to summary</a></p>
<h3 id="m10">testNgPkg.NewPolicyTestNgClass#afterTest</h3><table class="result"><tr><th class="invisible"/></tr></table><p class="totop"><a href="#summary">back to summary</a></p>
<h3 id="m11">testNgPkg.NewPolicyTestNgClass#closeCurrentTab</h3><table class="result"><tr><th class="invisible"/></tr></table><p class="totop"><a href="#summary">back to summary</a></p>
<h3 id="m12">testNgPkg.NewPolicyTestNgClass#closeCurrentTab</h3><table class="result"><tr><th class="invisible"/></tr></table><p class="totop"><a href="#summary">back to summary</a></p>
<h3 id="m13">testNgPkg.NewPolicyTestNgClass#closeCurrentTab</h3><table class="result"><tr><th class="invisible"/></tr></table><p class="totop"><a href="#summary">back to summary</a></p>
<h3 id="m14">testNgPkg.LoginTestNgClass#verifyLoginPage</h3><table class="result"><tr><th>Exception</th></tr><tr><td><div class="stacktrace">org.openqa.selenium.SessionNotCreatedException: session not created: This version of ChromeDriver only supports Chrome version 111
Current browser version is 110.0.5481.178 with binary path C:\Program Files\Google\Chrome\Application\chrome.exe
Build info: version: &apos;3.141.59&apos;, revision: &apos;e82be7d358&apos;, time: &apos;2018-11-14T08:17:03&apos;
System info: host: &apos;DESKTOP-ESGNCE8&apos;, ip: &apos;192.168.43.57&apos;, os.name: &apos;Windows 10&apos;, os.arch: &apos;amd64&apos;, os.version: &apos;10.0&apos;, java.version: &apos;17.0.4.1&apos;
Driver info: driver.version: ChromeDriver
remote stacktrace: Backtrace:
	(No symbol) [0x00ABE073]
	(No symbol) [0x00A539F1]
	(No symbol) [0x00964FF8]
	(No symbol) [0x009851AC]
	(No symbol) [0x00980F61]
	(No symbol) [0x0097EF69]
	(No symbol) [0x009B17BE]
	(No symbol) [0x009B14AC]
	(No symbol) [0x009AAEF6]
	(No symbol) [0x009871A8]
	(No symbol) [0x0098830D]
	GetHandleVerifier [0x00D34FB2+2511634]
	GetHandleVerifier [0x00D6A4D5+2730037]
	GetHandleVerifier [0x00D6F12C+2749580]
	GetHandleVerifier [0x00B65270+611792]
	(No symbol) [0x00A5C622]
	(No symbol) [0x00A61E38]
	(No symbol) [0x00A61F1B]
	(No symbol) [0x00A6C35B]
	BaseThreadInitThunk [0x75CE00F9+25]
	RtlGetAppContainerNamedObjectPath [0x77587BBE+286]
	RtlGetAppContainerNamedObjectPath [0x77587B8E+238]

	at org.openqa.selenium.remote.W3CHandshakeResponse.lambda$errorHandler$0(W3CHandshakeResponse.java:62)
	at org.openqa.selenium.remote.HandshakeResponse.lambda$getResponseFunction$0(HandshakeResponse.java:30)
	at org.openqa.selenium.remote.ProtocolHandshake.lambda$createSession$0(ProtocolHandshake.java:126)
	at java.base/java.util.stream.ReferencePipeline$3$1.accept(ReferencePipeline.java:197)
	at java.base/java.util.Spliterators$ArraySpliterator.tryAdvance(Spliterators.java:1002)
	at java.base/java.util.stream.ReferencePipeline.forEachWithCancel(ReferencePipeline.java:129)
	at java.base/java.util.stream.AbstractPipeline.copyIntoWithCancel(AbstractPipeline.java:527)
	at java.base/java.util.stream.AbstractPipeline.copyInto(AbstractPipeline.java:513)
	at java.base/java.util.stream.AbstractPipeline.wrapAndCopyInto(AbstractPipeline.java:499)
	at java.base/java.util.stream.FindOps$FindOp.evaluateSequential(FindOps.java:150)
	at java.base/java.util.stream.AbstractPipeline.evaluate(AbstractPipeline.java:234)
	at java.base/java.util.stream.ReferencePipeline.findFirst(ReferencePipeline.java:647)
	at org.openqa.selenium.remote.ProtocolHandshake.createSession(ProtocolHandshake.java:128)
	at org.openqa.selenium.remote.ProtocolHandshake.createSession(ProtocolHandshake.java:74)
	at org.openqa.selenium.remote.HttpCommandExecutor.execute(HttpCommandExecutor.java:136)
	at org.openqa.selenium.remote.service.DriverCommandExecutor.execute(DriverCommandExecutor.java:83)
	at org.openqa.selenium.remote.RemoteWebDriver.execute(RemoteWebDriver.java:552)
	at org.openqa.selenium.remote.RemoteWebDriver.startSession(RemoteWebDriver.java:213)
	at org.openqa.selenium.remote.RemoteWebDriver.&lt;init&gt;(RemoteWebDriver.java:131)
	at org.openqa.selenium.chrome.ChromeDriver.&lt;init&gt;(ChromeDriver.java:181)
	at org.openqa.selenium.chrome.ChromeDriver.&lt;init&gt;(ChromeDriver.java:168)
	at org.openqa.selenium.chrome.ChromeDriver.&lt;init&gt;(ChromeDriver.java:123)
	at browser.Browser.openChromeBrowser(Browser.java:16)
	at testNgPkg.NewPolicyTestNgClass.openBrowser(NewPolicyTestNgClass.java:40)
	at java.base/java.util.concurrent.FutureTask.run(FutureTask.java:264)
	at java.base/java.util.concurrent.ThreadPoolExecutor.runWorker(ThreadPoolExecutor.java:1136)
	at java.base/java.util.concurrent.ThreadPoolExecutor$Worker.run(ThreadPoolExecutor.java:635)
	at java.base/java.lang.Thread.run(Thread.java:833)
... Removed 20 stack frames</div></td></tr></table><p class="totop"><a href="#summary">back to summary</a></p>
<h3 id="m15">testNgPkg.LoginTestNgClass#verifyTextBoxMethod</h3><table class="result"><tr><th>Exception</th></tr><tr><td><div class="stacktrace">org.openqa.selenium.SessionNotCreatedException: session not created: This version of ChromeDriver only supports Chrome version 111
Current browser version is 110.0.5481.178 with binary path C:\Program Files\Google\Chrome\Application\chrome.exe
Build info: version: &apos;3.141.59&apos;, revision: &apos;e82be7d358&apos;, time: &apos;2018-11-14T08:17:03&apos;
System info: host: &apos;DESKTOP-ESGNCE8&apos;, ip: &apos;192.168.43.57&apos;, os.name: &apos;Windows 10&apos;, os.arch: &apos;amd64&apos;, os.version: &apos;10.0&apos;, java.version: &apos;17.0.4.1&apos;
Driver info: driver.version: ChromeDriver
remote stacktrace: Backtrace:
	(No symbol) [0x00ABE073]
	(No symbol) [0x00A539F1]
	(No symbol) [0x00964FF8]
	(No symbol) [0x009851AC]
	(No symbol) [0x00980F61]
	(No symbol) [0x0097EF69]
	(No symbol) [0x009B17BE]
	(No symbol) [0x009B14AC]
	(No symbol) [0x009AAEF6]
	(No symbol) [0x009871A8]
	(No symbol) [0x0098830D]
	GetHandleVerifier [0x00D34FB2+2511634]
	GetHandleVerifier [0x00D6A4D5+2730037]
	GetHandleVerifier [0x00D6F12C+2749580]
	GetHandleVerifier [0x00B65270+611792]
	(No symbol) [0x00A5C622]
	(No symbol) [0x00A61E38]
	(No symbol) [0x00A61F1B]
	(No symbol) [0x00A6C35B]
	BaseThreadInitThunk [0x75CE00F9+25]
	RtlGetAppContainerNamedObjectPath [0x77587BBE+286]
	RtlGetAppContainerNamedObjectPath [0x77587B8E+238]

	at org.openqa.selenium.remote.W3CHandshakeResponse.lambda$errorHandler$0(W3CHandshakeResponse.java:62)
	at org.openqa.selenium.remote.HandshakeResponse.lambda$getResponseFunction$0(HandshakeResponse.java:30)
	at org.openqa.selenium.remote.ProtocolHandshake.lambda$createSession$0(ProtocolHandshake.java:126)
	at java.base/java.util.stream.ReferencePipeline$3$1.accept(ReferencePipeline.java:197)
	at java.base/java.util.Spliterators$ArraySpliterator.tryAdvance(Spliterators.java:1002)
	at java.base/java.util.stream.ReferencePipeline.forEachWithCancel(ReferencePipeline.java:129)
	at java.base/java.util.stream.AbstractPipeline.copyIntoWithCancel(AbstractPipeline.java:527)
	at java.base/java.util.stream.AbstractPipeline.copyInto(AbstractPipeline.java:513)
	at java.base/java.util.stream.AbstractPipeline.wrapAndCopyInto(AbstractPipeline.java:499)
	at java.base/java.util.stream.FindOps$FindOp.evaluateSequential(FindOps.java:150)
	at java.base/java.util.stream.AbstractPipeline.evaluate(AbstractPipeline.java:234)
	at java.base/java.util.stream.ReferencePipeline.findFirst(ReferencePipeline.java:647)
	at org.openqa.selenium.remote.ProtocolHandshake.createSession(ProtocolHandshake.java:128)
	at org.openqa.selenium.remote.ProtocolHandshake.createSession(ProtocolHandshake.java:74)
	at org.openqa.selenium.remote.HttpCommandExecutor.execute(HttpCommandExecutor.java:136)
	at org.openqa.selenium.remote.service.DriverCommandExecutor.execute(DriverCommandExecutor.java:83)
	at org.openqa.selenium.remote.RemoteWebDriver.execute(RemoteWebDriver.java:552)
	at org.openqa.selenium.remote.RemoteWebDriver.startSession(RemoteWebDriver.java:213)
	at org.openqa.selenium.remote.RemoteWebDriver.&lt;init&gt;(RemoteWebDriver.java:131)
	at org.openqa.selenium.chrome.ChromeDriver.&lt;init&gt;(ChromeDriver.java:181)
	at org.openqa.selenium.chrome.ChromeDriver.&lt;init&gt;(ChromeDriver.java:168)
	at org.openqa.selenium.chrome.ChromeDriver.&lt;init&gt;(ChromeDriver.java:123)
	at browser.Browser.openChromeBrowser(Browser.java:16)
	at testNgPkg.NewPolicyTestNgClass.openBrowser(NewPolicyTestNgClass.java:40)
	at java.base/java.util.concurrent.FutureTask.run(FutureTask.java:264)
	at java.base/java.util.concurrent.ThreadPoolExecutor.runWorker(ThreadPoolExecutor.java:1136)
	at java.base/java.util.concurrent.ThreadPoolExecutor$Worker.run(ThreadPoolExecutor.java:635)
	at java.base/java.lang.Thread.run(Thread.java:833)
... Removed 20 stack frames</div></td></tr></table><p class="totop"><a href="#summary">back to summary</a></p>
<h3 id="m16">testNgPkg.NewPolicyTestNgClass#verifyCookiePolicy</h3><table class="result"><tr><th>Exception</th></tr><tr><td><div class="stacktrace">org.openqa.selenium.SessionNotCreatedException: session not created: This version of ChromeDriver only supports Chrome version 111
Current browser version is 110.0.5481.178 with binary path C:\Program Files\Google\Chrome\Application\chrome.exe
Build info: version: &apos;3.141.59&apos;, revision: &apos;e82be7d358&apos;, time: &apos;2018-11-14T08:17:03&apos;
System info: host: &apos;DESKTOP-ESGNCE8&apos;, ip: &apos;192.168.43.57&apos;, os.name: &apos;Windows 10&apos;, os.arch: &apos;amd64&apos;, os.version: &apos;10.0&apos;, java.version: &apos;17.0.4.1&apos;
Driver info: driver.version: ChromeDriver
remote stacktrace: Backtrace:
	(No symbol) [0x00ABE073]
	(No symbol) [0x00A539F1]
	(No symbol) [0x00964FF8]
	(No symbol) [0x009851AC]
	(No symbol) [0x00980F61]
	(No symbol) [0x0097EF69]
	(No symbol) [0x009B17BE]
	(No symbol) [0x009B14AC]
	(No symbol) [0x009AAEF6]
	(No symbol) [0x009871A8]
	(No symbol) [0x0098830D]
	GetHandleVerifier [0x00D34FB2+2511634]
	GetHandleVerifier [0x00D6A4D5+2730037]
	GetHandleVerifier [0x00D6F12C+2749580]
	GetHandleVerifier [0x00B65270+611792]
	(No symbol) [0x00A5C622]
	(No symbol) [0x00A61E38]
	(No symbol) [0x00A61F1B]
	(No symbol) [0x00A6C35B]
	BaseThreadInitThunk [0x75CE00F9+25]
	RtlGetAppContainerNamedObjectPath [0x77587BBE+286]
	RtlGetAppContainerNamedObjectPath [0x77587B8E+238]

	at org.openqa.selenium.remote.W3CHandshakeResponse.lambda$errorHandler$0(W3CHandshakeResponse.java:62)
	at org.openqa.selenium.remote.HandshakeResponse.lambda$getResponseFunction$0(HandshakeResponse.java:30)
	at org.openqa.selenium.remote.ProtocolHandshake.lambda$createSession$0(ProtocolHandshake.java:126)
	at java.base/java.util.stream.ReferencePipeline$3$1.accept(ReferencePipeline.java:197)
	at java.base/java.util.Spliterators$ArraySpliterator.tryAdvance(Spliterators.java:1002)
	at java.base/java.util.stream.ReferencePipeline.forEachWithCancel(ReferencePipeline.java:129)
	at java.base/java.util.stream.AbstractPipeline.copyIntoWithCancel(AbstractPipeline.java:527)
	at java.base/java.util.stream.AbstractPipeline.copyInto(AbstractPipeline.java:513)
	at java.base/java.util.stream.AbstractPipeline.wrapAndCopyInto(AbstractPipeline.java:499)
	at java.base/java.util.stream.FindOps$FindOp.evaluateSequential(FindOps.java:150)
	at java.base/java.util.stream.AbstractPipeline.evaluate(AbstractPipeline.java:234)
	at java.base/java.util.stream.ReferencePipeline.findFirst(ReferencePipeline.java:647)
	at org.openqa.selenium.remote.ProtocolHandshake.createSession(ProtocolHandshake.java:128)
	at org.openqa.selenium.remote.ProtocolHandshake.createSession(ProtocolHandshake.java:74)
	at org.openqa.selenium.remote.HttpCommandExecutor.execute(HttpCommandExecutor.java:136)
	at org.openqa.selenium.remote.service.DriverCommandExecutor.execute(DriverCommandExecutor.java:83)
	at org.openqa.selenium.remote.RemoteWebDriver.execute(RemoteWebDriver.java:552)
	at org.openqa.selenium.remote.RemoteWebDriver.startSession(RemoteWebDriver.java:213)
	at org.openqa.selenium.remote.RemoteWebDriver.&lt;init&gt;(RemoteWebDriver.java:131)
	at org.openqa.selenium.chrome.ChromeDriver.&lt;init&gt;(ChromeDriver.java:181)
	at org.openqa.selenium.chrome.ChromeDriver.&lt;init&gt;(ChromeDriver.java:168)
	at org.openqa.selenium.chrome.ChromeDriver.&lt;init&gt;(ChromeDriver.java:123)
	at browser.Browser.openChromeBrowser(Browser.java:16)
	at testNgPkg.NewPolicyTestNgClass.openBrowser(NewPolicyTestNgClass.java:40)
	at java.base/java.util.concurrent.FutureTask.run(FutureTask.java:264)
	at java.base/java.util.concurrent.ThreadPoolExecutor.runWorker(ThreadPoolExecutor.java:1136)
	at java.base/java.util.concurrent.ThreadPoolExecutor$Worker.run(ThreadPoolExecutor.java:635)
	at java.base/java.lang.Thread.run(Thread.java:833)
... Removed 20 stack frames</div></td></tr></table><p class="totop"><a href="#summary">back to summary</a></p>
<h3 id="m17">testNgPkg.NewPolicyTestNgClass#verifyPrivacyPolicy</h3><table class="result"><tr><th>Exception</th></tr><tr><td><div class="stacktrace">org.openqa.selenium.SessionNotCreatedException: session not created: This version of ChromeDriver only supports Chrome version 111
Current browser version is 110.0.5481.178 with binary path C:\Program Files\Google\Chrome\Application\chrome.exe
Build info: version: &apos;3.141.59&apos;, revision: &apos;e82be7d358&apos;, time: &apos;2018-11-14T08:17:03&apos;
System info: host: &apos;DESKTOP-ESGNCE8&apos;, ip: &apos;192.168.43.57&apos;, os.name: &apos;Windows 10&apos;, os.arch: &apos;amd64&apos;, os.version: &apos;10.0&apos;, java.version: &apos;17.0.4.1&apos;
Driver info: driver.version: ChromeDriver
remote stacktrace: Backtrace:
	(No symbol) [0x00ABE073]
	(No symbol) [0x00A539F1]
	(No symbol) [0x00964FF8]
	(No symbol) [0x009851AC]
	(No symbol) [0x00980F61]
	(No symbol) [0x0097EF69]
	(No symbol) [0x009B17BE]
	(No symbol) [0x009B14AC]
	(No symbol) [0x009AAEF6]
	(No symbol) [0x009871A8]
	(No symbol) [0x0098830D]
	GetHandleVerifier [0x00D34FB2+2511634]
	GetHandleVerifier [0x00D6A4D5+2730037]
	GetHandleVerifier [0x00D6F12C+2749580]
	GetHandleVerifier [0x00B65270+611792]
	(No symbol) [0x00A5C622]
	(No symbol) [0x00A61E38]
	(No symbol) [0x00A61F1B]
	(No symbol) [0x00A6C35B]
	BaseThreadInitThunk [0x75CE00F9+25]
	RtlGetAppContainerNamedObjectPath [0x77587BBE+286]
	RtlGetAppContainerNamedObjectPath [0x77587B8E+238]

	at org.openqa.selenium.remote.W3CHandshakeResponse.lambda$errorHandler$0(W3CHandshakeResponse.java:62)
	at org.openqa.selenium.remote.HandshakeResponse.lambda$getResponseFunction$0(HandshakeResponse.java:30)
	at org.openqa.selenium.remote.ProtocolHandshake.lambda$createSession$0(ProtocolHandshake.java:126)
	at java.base/java.util.stream.ReferencePipeline$3$1.accept(ReferencePipeline.java:197)
	at java.base/java.util.Spliterators$ArraySpliterator.tryAdvance(Spliterators.java:1002)
	at java.base/java.util.stream.ReferencePipeline.forEachWithCancel(ReferencePipeline.java:129)
	at java.base/java.util.stream.AbstractPipeline.copyIntoWithCancel(AbstractPipeline.java:527)
	at java.base/java.util.stream.AbstractPipeline.copyInto(AbstractPipeline.java:513)
	at java.base/java.util.stream.AbstractPipeline.wrapAndCopyInto(AbstractPipeline.java:499)
	at java.base/java.util.stream.FindOps$FindOp.evaluateSequential(FindOps.java:150)
	at java.base/java.util.stream.AbstractPipeline.evaluate(AbstractPipeline.java:234)
	at java.base/java.util.stream.ReferencePipeline.findFirst(ReferencePipeline.java:647)
	at org.openqa.selenium.remote.ProtocolHandshake.createSession(ProtocolHandshake.java:128)
	at org.openqa.selenium.remote.ProtocolHandshake.createSession(ProtocolHandshake.java:74)
	at org.openqa.selenium.remote.HttpCommandExecutor.execute(HttpCommandExecutor.java:136)
	at org.openqa.selenium.remote.service.DriverCommandExecutor.execute(DriverCommandExecutor.java:83)
	at org.openqa.selenium.remote.RemoteWebDriver.execute(RemoteWebDriver.java:552)
	at org.openqa.selenium.remote.RemoteWebDriver.startSession(RemoteWebDriver.java:213)
	at org.openqa.selenium.remote.RemoteWebDriver.&lt;init&gt;(RemoteWebDriver.java:131)
	at org.openqa.selenium.chrome.ChromeDriver.&lt;init&gt;(ChromeDriver.java:181)
	at org.openqa.selenium.chrome.ChromeDriver.&lt;init&gt;(ChromeDriver.java:168)
	at org.openqa.selenium.chrome.ChromeDriver.&lt;init&gt;(ChromeDriver.java:123)
	at browser.Browser.openChromeBrowser(Browser.java:16)
	at testNgPkg.NewPolicyTestNgClass.openBrowser(NewPolicyTestNgClass.java:40)
	at java.base/java.util.concurrent.FutureTask.run(FutureTask.java:264)
	at java.base/java.util.concurrent.ThreadPoolExecutor.runWorker(ThreadPoolExecutor.java:1136)
	at java.base/java.util.concurrent.ThreadPoolExecutor$Worker.run(ThreadPoolExecutor.java:635)
	at java.base/java.lang.Thread.run(Thread.java:833)
... Removed 20 stack frames</div></td></tr></table><p class="totop"><a href="#summary">back to summary</a></p>
<h3 id="m18">testNgPkg.NewPolicyTestNgClass#verifyTermsLink</h3><table class="result"><tr><th>Exception</th></tr><tr><td><div class="stacktrace">org.openqa.selenium.SessionNotCreatedException: session not created: This version of ChromeDriver only supports Chrome version 111
Current browser version is 110.0.5481.178 with binary path C:\Program Files\Google\Chrome\Application\chrome.exe
Build info: version: &apos;3.141.59&apos;, revision: &apos;e82be7d358&apos;, time: &apos;2018-11-14T08:17:03&apos;
System info: host: &apos;DESKTOP-ESGNCE8&apos;, ip: &apos;192.168.43.57&apos;, os.name: &apos;Windows 10&apos;, os.arch: &apos;amd64&apos;, os.version: &apos;10.0&apos;, java.version: &apos;17.0.4.1&apos;
Driver info: driver.version: ChromeDriver
remote stacktrace: Backtrace:
	(No symbol) [0x00ABE073]
	(No symbol) [0x00A539F1]
	(No symbol) [0x00964FF8]
	(No symbol) [0x009851AC]
	(No symbol) [0x00980F61]
	(No symbol) [0x0097EF69]
	(No symbol) [0x009B17BE]
	(No symbol) [0x009B14AC]
	(No symbol) [0x009AAEF6]
	(No symbol) [0x009871A8]
	(No symbol) [0x0098830D]
	GetHandleVerifier [0x00D34FB2+2511634]
	GetHandleVerifier [0x00D6A4D5+2730037]
	GetHandleVerifier [0x00D6F12C+2749580]
	GetHandleVerifier [0x00B65270+611792]
	(No symbol) [0x00A5C622]
	(No symbol) [0x00A61E38]
	(No symbol) [0x00A61F1B]
	(No symbol) [0x00A6C35B]
	BaseThreadInitThunk [0x75CE00F9+25]
	RtlGetAppContainerNamedObjectPath [0x77587BBE+286]
	RtlGetAppContainerNamedObjectPath [0x77587B8E+238]

	at org.openqa.selenium.remote.W3CHandshakeResponse.lambda$errorHandler$0(W3CHandshakeResponse.java:62)
	at org.openqa.selenium.remote.HandshakeResponse.lambda$getResponseFunction$0(HandshakeResponse.java:30)
	at org.openqa.selenium.remote.ProtocolHandshake.lambda$createSession$0(ProtocolHandshake.java:126)
	at java.base/java.util.stream.ReferencePipeline$3$1.accept(ReferencePipeline.java:197)
	at java.base/java.util.Spliterators$ArraySpliterator.tryAdvance(Spliterators.java:1002)
	at java.base/java.util.stream.ReferencePipeline.forEachWithCancel(ReferencePipeline.java:129)
	at java.base/java.util.stream.AbstractPipeline.copyIntoWithCancel(AbstractPipeline.java:527)
	at java.base/java.util.stream.AbstractPipeline.copyInto(AbstractPipeline.java:513)
	at java.base/java.util.stream.AbstractPipeline.wrapAndCopyInto(AbstractPipeline.java:499)
	at java.base/java.util.stream.FindOps$FindOp.evaluateSequential(FindOps.java:150)
	at java.base/java.util.stream.AbstractPipeline.evaluate(AbstractPipeline.java:234)
	at java.base/java.util.stream.ReferencePipeline.findFirst(ReferencePipeline.java:647)
	at org.openqa.selenium.remote.ProtocolHandshake.createSession(ProtocolHandshake.java:128)
	at org.openqa.selenium.remote.ProtocolHandshake.createSession(ProtocolHandshake.java:74)
	at org.openqa.selenium.remote.HttpCommandExecutor.execute(HttpCommandExecutor.java:136)
	at org.openqa.selenium.remote.service.DriverCommandExecutor.execute(DriverCommandExecutor.java:83)
	at org.openqa.selenium.remote.RemoteWebDriver.execute(RemoteWebDriver.java:552)
	at org.openqa.selenium.remote.RemoteWebDriver.startSession(RemoteWebDriver.java:213)
	at org.openqa.selenium.remote.RemoteWebDriver.&lt;init&gt;(RemoteWebDriver.java:131)
	at org.openqa.selenium.chrome.ChromeDriver.&lt;init&gt;(ChromeDriver.java:181)
	at org.openqa.selenium.chrome.ChromeDriver.&lt;init&gt;(ChromeDriver.java:168)
	at org.openqa.selenium.chrome.ChromeDriver.&lt;init&gt;(ChromeDriver.java:123)
	at browser.Browser.openChromeBrowser(Browser.java:16)
	at testNgPkg.NewPolicyTestNgClass.openBrowser(NewPolicyTestNgClass.java:40)
	at java.base/java.util.concurrent.FutureTask.run(FutureTask.java:264)
	at java.base/java.util.concurrent.ThreadPoolExecutor.runWorker(ThreadPoolExecutor.java:1136)
	at java.base/java.util.concurrent.ThreadPoolExecutor$Worker.run(ThreadPoolExecutor.java:635)
	at java.base/java.lang.Thread.run(Thread.java:833)
... Removed 20 stack frames</div></td></tr></table><p class="totop"><a href="#summary">back to summary</a></p>
<h2>Firefox</h2><h3 id="m19">testNgPkg.NewPolicyTestNgClass#closeCurrentTab</h3><table class="result"><tr class="param"><th>Parameter #1</th></tr><tr class="param stripe"><td>[TestResult name=verifyCookiePolicy status=FAILURE method=NewPolicyTestNgClass.verifyCookiePolicy()[pri:0, instance:testNgPkg.NewPolicyTestNgClass@6892b3b6] output={null}]</td></tr><tr><th>Exception</th></tr><tr><td><div class="stacktrace">org.openqa.selenium.SessionNotCreatedException: session not created: This version of ChromeDriver only supports Chrome version 111
Current browser version is 110.0.5481.178 with binary path C:\Program Files\Google\Chrome\Application\chrome.exe
Build info: version: &apos;3.141.59&apos;, revision: &apos;e82be7d358&apos;, time: &apos;2018-11-14T08:17:03&apos;
System info: host: &apos;DESKTOP-ESGNCE8&apos;, ip: &apos;192.168.43.57&apos;, os.name: &apos;Windows 10&apos;, os.arch: &apos;amd64&apos;, os.version: &apos;10.0&apos;, java.version: &apos;17.0.4.1&apos;
Driver info: driver.version: ChromeDriver
remote stacktrace: Backtrace:
	(No symbol) [0x00ABE073]
	(No symbol) [0x00A539F1]
	(No symbol) [0x00964FF8]
	(No symbol) [0x009851AC]
	(No symbol) [0x00980F61]
	(No symbol) [0x0097EF69]
	(No symbol) [0x009B17BE]
	(No symbol) [0x009B14AC]
	(No symbol) [0x009AAEF6]
	(No symbol) [0x009871A8]
	(No symbol) [0x0098830D]
	GetHandleVerifier [0x00D34FB2+2511634]
	GetHandleVerifier [0x00D6A4D5+2730037]
	GetHandleVerifier [0x00D6F12C+2749580]
	GetHandleVerifier [0x00B65270+611792]
	(No symbol) [0x00A5C622]
	(No symbol) [0x00A61E38]
	(No symbol) [0x00A61F1B]
	(No symbol) [0x00A6C35B]
	BaseThreadInitThunk [0x75CE00F9+25]
	RtlGetAppContainerNamedObjectPath [0x77587BBE+286]
	RtlGetAppContainerNamedObjectPath [0x77587B8E+238]

	at org.openqa.selenium.remote.W3CHandshakeResponse.lambda$errorHandler$0(W3CHandshakeResponse.java:62)
	at org.openqa.selenium.remote.HandshakeResponse.lambda$getResponseFunction$0(HandshakeResponse.java:30)
	at org.openqa.selenium.remote.ProtocolHandshake.lambda$createSession$0(ProtocolHandshake.java:126)
	at java.base/java.util.stream.ReferencePipeline$3$1.accept(ReferencePipeline.java:197)
	at java.base/java.util.Spliterators$ArraySpliterator.tryAdvance(Spliterators.java:1002)
	at java.base/java.util.stream.ReferencePipeline.forEachWithCancel(ReferencePipeline.java:129)
	at java.base/java.util.stream.AbstractPipeline.copyIntoWithCancel(AbstractPipeline.java:527)
	at java.base/java.util.stream.AbstractPipeline.copyInto(AbstractPipeline.java:513)
	at java.base/java.util.stream.AbstractPipeline.wrapAndCopyInto(AbstractPipeline.java:499)
	at java.base/java.util.stream.FindOps$FindOp.evaluateSequential(FindOps.java:150)
	at java.base/java.util.stream.AbstractPipeline.evaluate(AbstractPipeline.java:234)
	at java.base/java.util.stream.ReferencePipeline.findFirst(ReferencePipeline.java:647)
	at org.openqa.selenium.remote.ProtocolHandshake.createSession(ProtocolHandshake.java:128)
	at org.openqa.selenium.remote.ProtocolHandshake.createSession(ProtocolHandshake.java:74)
	at org.openqa.selenium.remote.HttpCommandExecutor.execute(HttpCommandExecutor.java:136)
	at org.openqa.selenium.remote.service.DriverCommandExecutor.execute(DriverCommandExecutor.java:83)
	at org.openqa.selenium.remote.RemoteWebDriver.execute(RemoteWebDriver.java:552)
	at org.openqa.selenium.remote.RemoteWebDriver.startSession(RemoteWebDriver.java:213)
	at org.openqa.selenium.remote.RemoteWebDriver.&lt;init&gt;(RemoteWebDriver.java:131)
	at org.openqa.selenium.chrome.ChromeDriver.&lt;init&gt;(ChromeDriver.java:181)
	at org.openqa.selenium.chrome.ChromeDriver.&lt;init&gt;(ChromeDriver.java:168)
	at org.openqa.selenium.chrome.ChromeDriver.&lt;init&gt;(ChromeDriver.java:123)
	at utils.Utility.getScreenShot(Utility.java:28)
	at testNgPkg.NewPolicyTestNgClass.closeCurrentTab(NewPolicyTestNgClass.java:180)
	at java.base/java.util.ArrayList.forEach(ArrayList.java:1511)
	at java.base/java.util.concurrent.FutureTask.run(FutureTask.java:264)
	at java.base/java.util.concurrent.ThreadPoolExecutor.runWorker(ThreadPoolExecutor.java:1136)
	at java.base/java.util.concurrent.ThreadPoolExecutor$Worker.run(ThreadPoolExecutor.java:635)
	at java.base/java.lang.Thread.run(Thread.java:833)
... Removed 28 stack frames</div></td></tr></table><p class="totop"><a href="#summary">back to summary</a></p>
<h3 id="m20">testNgPkg.NewPolicyTestNgClass#verifyCookiePolicy</h3><table class="result"><tr><th>Exception</th></tr><tr><td><div class="stacktrace">java.lang.AssertionError: expected [https://www.facebook.com/privacy/policies/cookies/?entry_point=cookie_policy_redirect&amp;entry=0] but found [about:blank]
	at testNgPkg.NewPolicyTestNgClass.verifyCookiePolicy(NewPolicyTestNgClass.java:155)
	at java.base/java.util.ArrayList.forEach(ArrayList.java:1511)
	at java.base/java.util.concurrent.FutureTask.run(FutureTask.java:264)
	at java.base/java.util.concurrent.ThreadPoolExecutor.runWorker(ThreadPoolExecutor.java:1136)
	at java.base/java.util.concurrent.ThreadPoolExecutor$Worker.run(ThreadPoolExecutor.java:635)
	at java.base/java.lang.Thread.run(Thread.java:833)
... Removed 24 stack frames</div></td></tr></table><p class="totop"><a href="#summary">back to summary</a></p>
<h3 id="m21">testNgPkg.NewPolicyTestNgClass#LoginOrSignUpPage</h3><table class="result"><tr><th class="invisible"/></tr></table><p class="totop"><a href="#summary">back to summary</a></p>
<h3 id="m22">testNgPkg.NewPolicyTestNgClass#LoginOrSignUpPage</h3><table class="result"><tr><th class="invisible"/></tr></table><p class="totop"><a href="#summary">back to summary</a></p>
<h3 id="m23">testNgPkg.NewPolicyTestNgClass#afterTest</h3><table class="result"><tr><th class="invisible"/></tr></table><p class="totop"><a href="#summary">back to summary</a></p>
<h3 id="m24">testNgPkg.NewPolicyTestNgClass#closeCurrentTab</h3><table class="result"><tr><th class="invisible"/></tr></table><p class="totop"><a href="#summary">back to summary</a></p>
<h3 id="m25">testNgPkg.NewPolicyTestNgClass#closeCurrentTab</h3><table class="result"><tr><th class="invisible"/></tr></table><p class="totop"><a href="#summary">back to summary</a></p>
<h3 id="m26">testNgPkg.NewPolicyTestNgClass#verifyPrivacyPolicy</h3><table class="result"><tr><th>Exception</th></tr><tr><td><div class="stacktrace">org.openqa.selenium.SessionNotCreatedException: session not created: This version of ChromeDriver only supports Chrome version 111
Current browser version is 110.0.5481.178 with binary path C:\Program Files\Google\Chrome\Application\chrome.exe
Build info: version: &apos;3.141.59&apos;, revision: &apos;e82be7d358&apos;, time: &apos;2018-11-14T08:17:03&apos;
System info: host: &apos;DESKTOP-ESGNCE8&apos;, ip: &apos;192.168.43.57&apos;, os.name: &apos;Windows 10&apos;, os.arch: &apos;amd64&apos;, os.version: &apos;10.0&apos;, java.version: &apos;17.0.4.1&apos;
Driver info: driver.version: ChromeDriver
remote stacktrace: Backtrace:
	(No symbol) [0x00ABE073]
	(No symbol) [0x00A539F1]
	(No symbol) [0x00964FF8]
	(No symbol) [0x009851AC]
	(No symbol) [0x00980F61]
	(No symbol) [0x0097EF69]
	(No symbol) [0x009B17BE]
	(No symbol) [0x009B14AC]
	(No symbol) [0x009AAEF6]
	(No symbol) [0x009871A8]
	(No symbol) [0x0098830D]
	GetHandleVerifier [0x00D34FB2+2511634]
	GetHandleVerifier [0x00D6A4D5+2730037]
	GetHandleVerifier [0x00D6F12C+2749580]
	GetHandleVerifier [0x00B65270+611792]
	(No symbol) [0x00A5C622]
	(No symbol) [0x00A61E38]
	(No symbol) [0x00A61F1B]
	(No symbol) [0x00A6C35B]
	BaseThreadInitThunk [0x75CE00F9+25]
	RtlGetAppContainerNamedObjectPath [0x77587BBE+286]
	RtlGetAppContainerNamedObjectPath [0x77587B8E+238]

	at org.openqa.selenium.remote.W3CHandshakeResponse.lambda$errorHandler$0(W3CHandshakeResponse.java:62)
	at org.openqa.selenium.remote.HandshakeResponse.lambda$getResponseFunction$0(HandshakeResponse.java:30)
	at org.openqa.selenium.remote.ProtocolHandshake.lambda$createSession$0(ProtocolHandshake.java:126)
	at java.base/java.util.stream.ReferencePipeline$3$1.accept(ReferencePipeline.java:197)
	at java.base/java.util.Spliterators$ArraySpliterator.tryAdvance(Spliterators.java:1002)
	at java.base/java.util.stream.ReferencePipeline.forEachWithCancel(ReferencePipeline.java:129)
	at java.base/java.util.stream.AbstractPipeline.copyIntoWithCancel(AbstractPipeline.java:527)
	at java.base/java.util.stream.AbstractPipeline.copyInto(AbstractPipeline.java:513)
	at java.base/java.util.stream.AbstractPipeline.wrapAndCopyInto(AbstractPipeline.java:499)
	at java.base/java.util.stream.FindOps$FindOp.evaluateSequential(FindOps.java:150)
	at java.base/java.util.stream.AbstractPipeline.evaluate(AbstractPipeline.java:234)
	at java.base/java.util.stream.ReferencePipeline.findFirst(ReferencePipeline.java:647)
	at org.openqa.selenium.remote.ProtocolHandshake.createSession(ProtocolHandshake.java:128)
	at org.openqa.selenium.remote.ProtocolHandshake.createSession(ProtocolHandshake.java:74)
	at org.openqa.selenium.remote.HttpCommandExecutor.execute(HttpCommandExecutor.java:136)
	at org.openqa.selenium.remote.service.DriverCommandExecutor.execute(DriverCommandExecutor.java:83)
	at org.openqa.selenium.remote.RemoteWebDriver.execute(RemoteWebDriver.java:552)
	at org.openqa.selenium.remote.RemoteWebDriver.startSession(RemoteWebDriver.java:213)
	at org.openqa.selenium.remote.RemoteWebDriver.&lt;init&gt;(RemoteWebDriver.java:131)
	at org.openqa.selenium.chrome.ChromeDriver.&lt;init&gt;(ChromeDriver.java:181)
	at org.openqa.selenium.chrome.ChromeDriver.&lt;init&gt;(ChromeDriver.java:168)
	at org.openqa.selenium.chrome.ChromeDriver.&lt;init&gt;(ChromeDriver.java:123)
	at utils.Utility.getScreenShot(Utility.java:28)
	at testNgPkg.NewPolicyTestNgClass.closeCurrentTab(NewPolicyTestNgClass.java:180)
	at java.base/java.util.ArrayList.forEach(ArrayList.java:1511)
	at java.base/java.util.concurrent.FutureTask.run(FutureTask.java:264)
	at java.base/java.util.concurrent.ThreadPoolExecutor.runWorker(ThreadPoolExecutor.java:1136)
	at java.base/java.util.concurrent.ThreadPoolExecutor$Worker.run(ThreadPoolExecutor.java:635)
	at java.base/java.lang.Thread.run(Thread.java:833)
... Removed 28 stack frames</div></td></tr></table><p class="totop"><a href="#summary">back to summary</a></p>
<h3 id="m27">testNgPkg.NewPolicyTestNgClass#verifyTermsLink</h3><table class="result"><tr><th>Exception</th></tr><tr><td><div class="stacktrace">org.openqa.selenium.SessionNotCreatedException: session not created: This version of ChromeDriver only supports Chrome version 111
Current browser version is 110.0.5481.178 with binary path C:\Program Files\Google\Chrome\Application\chrome.exe
Build info: version: &apos;3.141.59&apos;, revision: &apos;e82be7d358&apos;, time: &apos;2018-11-14T08:17:03&apos;
System info: host: &apos;DESKTOP-ESGNCE8&apos;, ip: &apos;192.168.43.57&apos;, os.name: &apos;Windows 10&apos;, os.arch: &apos;amd64&apos;, os.version: &apos;10.0&apos;, java.version: &apos;17.0.4.1&apos;
Driver info: driver.version: ChromeDriver
remote stacktrace: Backtrace:
	(No symbol) [0x00ABE073]
	(No symbol) [0x00A539F1]
	(No symbol) [0x00964FF8]
	(No symbol) [0x009851AC]
	(No symbol) [0x00980F61]
	(No symbol) [0x0097EF69]
	(No symbol) [0x009B17BE]
	(No symbol) [0x009B14AC]
	(No symbol) [0x009AAEF6]
	(No symbol) [0x009871A8]
	(No symbol) [0x0098830D]
	GetHandleVerifier [0x00D34FB2+2511634]
	GetHandleVerifier [0x00D6A4D5+2730037]
	GetHandleVerifier [0x00D6F12C+2749580]
	GetHandleVerifier [0x00B65270+611792]
	(No symbol) [0x00A5C622]
	(No symbol) [0x00A61E38]
	(No symbol) [0x00A61F1B]
	(No symbol) [0x00A6C35B]
	BaseThreadInitThunk [0x75CE00F9+25]
	RtlGetAppContainerNamedObjectPath [0x77587BBE+286]
	RtlGetAppContainerNamedObjectPath [0x77587B8E+238]

	at org.openqa.selenium.remote.W3CHandshakeResponse.lambda$errorHandler$0(W3CHandshakeResponse.java:62)
	at org.openqa.selenium.remote.HandshakeResponse.lambda$getResponseFunction$0(HandshakeResponse.java:30)
	at org.openqa.selenium.remote.ProtocolHandshake.lambda$createSession$0(ProtocolHandshake.java:126)
	at java.base/java.util.stream.ReferencePipeline$3$1.accept(ReferencePipeline.java:197)
	at java.base/java.util.Spliterators$ArraySpliterator.tryAdvance(Spliterators.java:1002)
	at java.base/java.util.stream.ReferencePipeline.forEachWithCancel(ReferencePipeline.java:129)
	at java.base/java.util.stream.AbstractPipeline.copyIntoWithCancel(AbstractPipeline.java:527)
	at java.base/java.util.stream.AbstractPipeline.copyInto(AbstractPipeline.java:513)
	at java.base/java.util.stream.AbstractPipeline.wrapAndCopyInto(AbstractPipeline.java:499)
	at java.base/java.util.stream.FindOps$FindOp.evaluateSequential(FindOps.java:150)
	at java.base/java.util.stream.AbstractPipeline.evaluate(AbstractPipeline.java:234)
	at java.base/java.util.stream.ReferencePipeline.findFirst(ReferencePipeline.java:647)
	at org.openqa.selenium.remote.ProtocolHandshake.createSession(ProtocolHandshake.java:128)
	at org.openqa.selenium.remote.ProtocolHandshake.createSession(ProtocolHandshake.java:74)
	at org.openqa.selenium.remote.HttpCommandExecutor.execute(HttpCommandExecutor.java:136)
	at org.openqa.selenium.remote.service.DriverCommandExecutor.execute(DriverCommandExecutor.java:83)
	at org.openqa.selenium.remote.RemoteWebDriver.execute(RemoteWebDriver.java:552)
	at org.openqa.selenium.remote.RemoteWebDriver.startSession(RemoteWebDriver.java:213)
	at org.openqa.selenium.remote.RemoteWebDriver.&lt;init&gt;(RemoteWebDriver.java:131)
	at org.openqa.selenium.chrome.ChromeDriver.&lt;init&gt;(ChromeDriver.java:181)
	at org.openqa.selenium.chrome.ChromeDriver.&lt;init&gt;(ChromeDriver.java:168)
	at org.openqa.selenium.chrome.ChromeDriver.&lt;init&gt;(ChromeDriver.java:123)
	at utils.Utility.getScreenShot(Utility.java:28)
	at testNgPkg.NewPolicyTestNgClass.closeCurrentTab(NewPolicyTestNgClass.java:180)
	at java.base/java.util.ArrayList.forEach(ArrayList.java:1511)
	at java.base/java.util.concurrent.FutureTask.run(FutureTask.java:264)
	at java.base/java.util.concurrent.ThreadPoolExecutor.runWorker(ThreadPoolExecutor.java:1136)
	at java.base/java.util.concurrent.ThreadPoolExecutor$Worker.run(ThreadPoolExecutor.java:635)
	at java.base/java.lang.Thread.run(Thread.java:833)
... Removed 28 stack frames</div></td></tr></table><p class="totop"><a href="#summary">back to summary</a></p>
<h3 id="m28">testNgPkg.LoginTestNgClass#verifyLoginPage</h3><table class="result"><tr><th class="invisible"/></tr></table><p class="totop"><a href="#summary">back to summary</a></p>
<h3 id="m29">testNgPkg.LoginTestNgClass#verifyTextBoxMethod</h3><table class="result"><tr><th class="invisible"/></tr></table><p class="totop"><a href="#summary">back to summary</a></p>
</body>
</html>
